<?xml version="1.0" encoding="UTF-8"?>
<!-- Generated by org.testng.reporters.JUnitReportReporter -->
<testsuite hostname="DESKTOP-N0SEJOC" failures="0" tests="1" name="ScreenshootGoogle" time="12.286" errors="0" timestamp="15 Feb 2019 16:32:40 GMT" skipped="0">
  <testcase classname="ScreenshootGoogle" name="TestJavaS1" time="12.286"/>
</testsuite> <!-- ScreenshootGoogle -->
