<?xml version="1.0" encoding="UTF-8"?>
<!-- Generated by org.testng.reporters.JUnitReportReporter -->
<testsuite hostname="DESKTOP-N0SEJOC" failures="0" tests="3" name="TakeScreenShot" time="15.554" errors="0" timestamp="15 Feb 2019 16:27:44 GMT" skipped="0">
  <testcase classname="TakeScreenShot" name="screenShot" time="10.431"/>
  <testcase classname="TakeScreenShot" name="SearchContent" time="4.321"/>
  <testcase classname="TakeScreenShot" name="move_back" time="0.802"/>
</testsuite> <!-- TakeScreenShot -->
